<?xml version="1.0" encoding="UTF-8"?>
<!-- Generated by org.testng.reporters.JUnitXMLReporter -->
<testsuite hostname="Asheeshs-MacBook-Pro.local" name="Default test" tests="3" failures="0" timestamp="6 Apr 2017 08:27:36 GMT" time="20.811" errors="0">
  <testcase name="HomePageTest" time="12.636" classname="com.appdirect.tests.PagesTest"/>
  <testcase name="SignUpPageTest" time="7.922" classname="com.appdirect.tests.PagesTest"/>
  <testcase name="EmailPage" time="0.238" classname="com.appdirect.tests.PagesTest"/>
</testsuite> <!-- Default test -->
