<?xml version="1.0" encoding="UTF-8" ?>
<testsuite tests="1" failures="1" name="com.appdirect.tests.TestCases" time="33.167" errors="0" skipped="0">
  <properties>
[...]
</properties>
  <testcase classname="com.appdirect.tests.TestCases" name="HomePageTest" time="33.167">
    <failure message="no such session
  (Driver info: chromedriver=2.28.455517 (2c6d2707d8ea850c862f04ac066724273981e88f),platform=Mac OS X 10.12.3 x86_64) (WARNING: The server did not provide any stacktrace information)
Command duration or timeout: 6 milliseconds
Build info: version: &apos;3.3.1&apos;, revision: &apos;5234b325d5&apos;, time: &apos;2017-03-10 09:10:29 +0000&apos;
System info: host: &apos;Asheeshs-MacBook-Pro.local&apos;, ip: &apos;fe80:0:0:0:cfd:ba02:6382:c5b6%en0&apos;, os.name: &apos;Mac OS X&apos;, os.arch: &apos;x86_64&apos;, os.version: &apos;10.12.3&apos;, java.version: &apos;1.8.0_121&apos;
Driver info: org.openqa.selenium.chrome.ChromeDriver
Capabilities [{message=session not created exception
from disconnected: received Inspector.detached event
  (Session info: chrome=57.0.2987.133)
  (Driver info: chromedriver=2.28.455517 (2c6d2707d8ea850c862f04ac066724273981e88f),platform=Mac OS X 10.12.3 x86_64), platform=ANY}]
Session ID: ff28e836e11a841369f58083d9f689ad" type="org.openqa.selenium.NoSuchSessionException">org.openqa.selenium.NoSuchSessionException: no such session
  (Driver info: chromedriver=2.28.455517 (2c6d2707d8ea850c862f04ac066724273981e88f),platform=Mac OS X 10.12.3 x86_64) (WARNING: The server did not provide any stacktrace information)
Command duration or timeout: 6 milliseconds
Build info: version: &apos;3.3.1&apos;, revision: &apos;5234b325d5&apos;, time: &apos;2017-03-10 09:10:29 +0000&apos;
System info: host: &apos;Asheeshs-MacBook-Pro.local&apos;, ip: &apos;fe80:0:0:0:cfd:ba02:6382:c5b6%en0&apos;, os.name: &apos;Mac OS X&apos;, os.arch: &apos;x86_64&apos;, os.version: &apos;10.12.3&apos;, java.version: &apos;1.8.0_121&apos;
Driver info: org.openqa.selenium.chrome.ChromeDriver
Capabilities [{message=session not created exception
from disconnected: received Inspector.detached event
  (Session info: chrome=57.0.2987.133)
  (Driver info: chromedriver=2.28.455517 (2c6d2707d8ea850c862f04ac066724273981e88f),platform=Mac OS X 10.12.3 x86_64), platform=ANY}]
Session ID: ff28e836e11a841369f58083d9f689ad
	at sun.reflect.NativeConstructorAccessorImpl.newInstance0(Native Method)
	at sun.reflect.NativeConstructorAccessorImpl.newInstance(NativeConstructorAccessorImpl.java:62)
	at sun.reflect.DelegatingConstructorAccessorImpl.newInstance(DelegatingConstructorAccessorImpl.java:45)
	at java.lang.reflect.Constructor.newInstance(Constructor.java:423)
	at org.openqa.selenium.remote.ErrorHandler.createThrowable(ErrorHandler.java:216)
	at org.openqa.selenium.remote.ErrorHandler.throwIfResponseFailed(ErrorHandler.java:168)
	at org.openqa.selenium.remote.RemoteWebDriver.execute(RemoteWebDriver.java:638)
	at org.openqa.selenium.remote.RemoteWebDriver.get(RemoteWebDriver.java:325)
	at com.appdirect.Pages.HomePage.HomePageFuntionalities(HomePage.java:14)
	at com.appdirect.tests.TestCases.HomePageTest(TestCases.java:17)
</failure>
    <system-out>Configuring TestNG with: org.apache.maven.surefire.testng.conf.TestNG652Configurator@200a570f
</system-out>
    <system-err>Starting ChromeDriver 2.28.455517 (2c6d2707d8ea850c862f04ac066724273981e88f) on port 37364
Only local connections are allowed.
Apr 05, 2017 1:23:24 PM org.openqa.selenium.remote.ProtocolHandshake createSession
INFO: Detected dialect: OSS
</system-err>
  </testcase>
</testsuite>